# JRE version: Java(TM) SE Runtime Environment (8.0_45-b14) (build 1.8.0_45-b14)
# Java VM: Java HotSpot(TM) 64-Bit Server VM (25.45-b02 mixed mode linux-amd64 compressed oops)
Heap:
 def new generation   total 33856K, used 0K [0x00000000e0000000, 0x00000000e24b0000, 0x00000000eaaa0000)
  eden space 30144K,   0% used [0x00000000e0000000, 0x00000000e0000000, 0x00000000e1d70000)
  from space 3712K,   0% used [0x00000000e2110000, 0x00000000e2110000, 0x00000000e24b0000)
  to   space 3712K,   0% used [0x00000000e1d70000, 0x00000000e1d70000, 0x00000000e2110000)
 tenured generation   total 81768K, used 81334K [0x00000000eaaa0000, 0x00000000efa7a000, 0x0000000100000000)
   the space 81768K,  99% used [0x00000000eaaa0000, 0x00000000efa0d888, 0x00000000efa0da00, 0x00000000efa7a000)
 Metaspace       used 16953K, capacity 17444K, committed 17664K, reserved 1064960K
  class space    used 1934K, capacity 2030K, committed 2048K, reserved 1048576K
GC Heap History (10 events):
Event: 10.719 GC heap after
Heap after GC invocations=21 (full 3):
 def new generation   total 33856K, used 0K [0x00000000e0000000, 0x00000000e24b0000, 0x00000000eaaa0000)
  eden space 30144K,   0% used [0x00000000e0000000, 0x00000000e0000000, 0x00000000e1d70000)
  from space 3712K,   0% used [0x00000000e1d70000, 0x00000000e1d70000, 0x00000000e2110000)
  to   space 3712K,   0% used [0x00000000e2110000, 0x00000000e2110000, 0x00000000e24b0000)
 tenured generation   total 75048K, used 45028K [0x00000000eaaa0000, 0x00000000ef3ea000, 0x0000000100000000)
   the space 75048K,  59% used [0x00000000eaaa0000, 0x00000000ed699308, 0x00000000ed699400, 0x00000000ef3ea000)
 Metaspace       used 11844K, capacity 12136K, committed 12288K, reserved 1060864K
  class space    used 1415K, capacity 1492K, committed 1536K, reserved 1048576K
}
Event: 10.972 GC heap before
{Heap before GC invocations=21 (full 3):
 def new generation   total 33856K, used 30144K [0x00000000e0000000, 0x00000000e24b0000, 0x00000000eaaa0000)
  eden space 30144K, 100% used [0x00000000e0000000, 0x00000000e1d70000, 0x00000000e1d70000)
  from space 3712K,   0% used [0x00000000e1d70000, 0x00000000e1d70000, 0x00000000e2110000)
  to   space 3712K,   0% used [0x00000000e2110000, 0x00000000e2110000, 0x00000000e24b0000)
 tenured generation   total 75048K, used 45028K [0x00000000eaaa0000, 0x00000000ef3ea000, 0x0000000100000000)
   the space 75048K,  59% used [0x00000000eaaa0000, 0x00000000ed699308, 0x00000000ed699400, 0x00000000ef3ea000)
 Metaspace       used 11917K, capacity 12264K, committed 12544K, reserved 1060864K
  class space    used 1418K, capacity 1492K, committed 1536K, reserved 1048576K
Event: 11.026 GC heap after
Heap after GC invocations=22 (full 3):
 def new generation   total 33856K, used 3712K [0x00000000e0000000, 0x00000000e24b0000, 0x00000000eaaa0000)
  eden space 30144K,   0% used [0x00000000e0000000, 0x00000000e0000000, 0x00000000e1d70000)
  from space 3712K, 100% used [0x00000000e2110000, 0x00000000e24b0000, 0x00000000e24b0000)
  to   space 3712K,   0% used [0x00000000e1d70000, 0x00000000e1d70000, 0x00000000e2110000)
 tenured generation   total 75048K, used 57048K [0x00000000eaaa0000, 0x00000000ef3ea000, 0x0000000100000000)
   the space 75048K,  76% used [0x00000000eaaa0000, 0x00000000ee256220, 0x00000000ee256400, 0x00000000ef3ea000)
 Metaspace       used 11917K, capacity 12264K, committed 12544K, reserved 1060864K
  class space    used 1418K, capacity 1492K, committed 1536K, reserved 1048576K
}
Event: 11.998 GC heap before
{Heap before GC invocations=22 (full 3):
 def new generation   total 33856K, used 33856K [0x00000000e0000000, 0x00000000e24b0000, 0x00000000eaaa0000)
  eden space 30144K, 100% used [0x00000000e0000000, 0x00000000e1d70000, 0x00000000e1d70000)
  from space 3712K, 100% used [0x00000000e2110000, 0x00000000e24b0000, 0x00000000e24b0000)
  to   space 3712K,   0% used [0x00000000e1d70000, 0x00000000e1d70000, 0x00000000e2110000)
 tenured generation   total 75048K, used 57048K [0x00000000eaaa0000, 0x00000000ef3ea000, 0x0000000100000000)
   the space 75048K,  76% used [0x00000000eaaa0000, 0x00000000ee256220, 0x00000000ee256400, 0x00000000ef3ea000)
 Metaspace       used 13759K, capacity 14098K, committed 14336K, reserved 1062912K
  class space    used 1604K, capacity 1691K, committed 1792K, reserved 1048576K
Event: 12.081 GC heap after
Heap after GC invocations=23 (full 3):
 def new generation   total 33856K, used 3711K [0x00000000e0000000, 0x00000000e24b0000, 0x00000000eaaa0000)
  eden space 30144K,   0% used [0x00000000e0000000, 0x00000000e0000000, 0x00000000e1d70000)
  from space 3712K,  99% used [0x00000000e1d70000, 0x00000000e210fff8, 0x00000000e2110000)
  to   space 3712K,   0% used [0x00000000e2110000, 0x00000000e2110000, 0x00000000e24b0000)
 tenured generation   total 75048K, used 67012K [0x00000000eaaa0000, 0x00000000ef3ea000, 0x0000000100000000)
   the space 75048K,  89% used [0x00000000eaaa0000, 0x00000000eec11238, 0x00000000eec11400, 0x00000000ef3ea000)
 Metaspace       used 13759K, capacity 14098K, committed 14336K, reserved 1062912K
  class space    used 1604K, capacity 1691K, committed 1792K, reserved 1048576K
}
Event: 14.700 GC heap before
{Heap before GC invocations=23 (full 3):
 def new generation   total 33856K, used 33855K [0x00000000e0000000, 0x00000000e24b0000, 0x00000000eaaa0000)
  eden space 30144K, 100% used [0x00000000e0000000, 0x00000000e1d70000, 0x00000000e1d70000)
  from space 3712K,  99% used [0x00000000e1d70000, 0x00000000e210fff8, 0x00000000e2110000)
  to   space 3712K,   0% used [0x00000000e2110000, 0x00000000e2110000, 0x00000000e24b0000)
 tenured generation   total 75048K, used 67012K [0x00000000eaaa0000, 0x00000000ef3ea000, 0x0000000100000000)
   the space 75048K,  89% used [0x00000000eaaa0000, 0x00000000eec11238, 0x00000000eec11400, 0x00000000ef3ea000)
 Metaspace       used 16098K, capacity 16550K, committed 16896K, reserved 1064960K
  class space    used 1827K, capacity 1929K, committed 2048K, reserved 1048576K
Event: 14.720 GC heap after
Heap after GC invocations=24 (full 3):
 def new generation   total 33856K, used 2527K [0x00000000e0000000, 0x00000000e24b0000, 0x00000000eaaa0000)
  eden space 30144K,   0% used [0x00000000e0000000, 0x00000000e0000000, 0x00000000e1d70000)
  from space 3712K,  68% used [0x00000000e2110000, 0x00000000e2387fc0, 0x00000000e24b0000)
  to   space 3712K,   0% used [0x00000000e1d70000, 0x00000000e1d70000, 0x00000000e2110000)
 tenured generation   total 75048K, used 70709K [0x00000000eaaa0000, 0x00000000ef3ea000, 0x0000000100000000)
   the space 75048K,  94% used [0x00000000eaaa0000, 0x00000000eefad728, 0x00000000eefad800, 0x00000000ef3ea000)
 Metaspace       used 16098K, capacity 16550K, committed 16896K, reserved 1064960K
  class space    used 1827K, capacity 1929K, committed 2048K, reserved 1048576K
}
Event: 14.849 GC heap before
{Heap before GC invocations=24 (full 3):
 def new generation   total 33856K, used 32671K [0x00000000e0000000, 0x00000000e24b0000, 0x00000000eaaa0000)
  eden space 30144K, 100% used [0x00000000e0000000, 0x00000000e1d70000, 0x00000000e1d70000)
  from space 3712K,  68% used [0x00000000e2110000, 0x00000000e2387fc0, 0x00000000e24b0000)
  to   space 3712K,   0% used [0x00000000e1d70000, 0x00000000e1d70000, 0x00000000e2110000)
 tenured generation   total 75048K, used 70709K [0x00000000eaaa0000, 0x00000000ef3ea000, 0x0000000100000000)
   the space 75048K,  94% used [0x00000000eaaa0000, 0x00000000eefad728, 0x00000000eefad800, 0x00000000ef3ea000)
 Metaspace       used 16207K, capacity 16632K, committed 16896K, reserved 1064960K
  class space    used 1836K, capacity 1932K, committed 2048K, reserved 1048576K
Event: 14.855 GC heap after
Heap after GC invocations=25 (full 3):
 def new generation   total 33856K, used 67K [0x00000000e0000000, 0x00000000e24b0000, 0x00000000eaaa0000)
  eden space 30144K,   0% used [0x00000000e0000000, 0x00000000e0000000, 0x00000000e1d70000)
  from space 3712K,   1% used [0x00000000e1d70000, 0x00000000e1d80d00, 0x00000000e2110000)
  to   space 3712K,   0% used [0x00000000e2110000, 0x00000000e2110000, 0x00000000e24b0000)
 tenured generation   total 75048K, used 72024K [0x00000000eaaa0000, 0x00000000ef3ea000, 0x0000000100000000)
   the space 75048K,  95% used [0x00000000eaaa0000, 0x00000000ef0f6028, 0x00000000ef0f6200, 0x00000000ef3ea000)
 Metaspace       used 16207K, capacity 16632K, committed 16896K, reserved 1064960K
  class space    used 1836K, capacity 1932K, committed 2048K, reserved 1048576K
}
Event: 41.020 GC heap before
{Heap before GC invocations=25 (full 3):
 def new generation   total 33856K, used 30211K [0x00000000e0000000, 0x00000000e24b0000, 0x00000000eaaa0000)
  eden space 30144K, 100% used [0x00000000e0000000, 0x00000000e1d70000, 0x00000000e1d70000)
  from space 3712K,   1% used [0x00000000e1d70000, 0x00000000e1d80d00, 0x00000000e2110000)
  to   space 3712K,   0% used [0x00000000e2110000, 0x00000000e2110000, 0x00000000e24b0000)
 tenured generation   total 75048K, used 72024K [0x00000000eaaa0000, 0x00000000ef3ea000, 0x0000000100000000)
   the space 75048K,  95% used [0x00000000eaaa0000, 0x00000000ef0f6028, 0x00000000ef0f6200, 0x00000000ef3ea000)
 Metaspace       used 16953K, capacity 17444K, committed 17664K, reserved 1064960K
  class space    used 1934K, capacity 2030K, committed 2048K, reserved 1048576K

